{
   "Node Type":"Nested Loop",
   "Parent Relationship":"Outer",
   "Parallel Aware":false,
   "Async Capable":false,
   "Join Type":"Inner",
   "Startup Cost":511491.98,
   "Total Cost":545230.14,
   "Plan Rows":1,
   "Plan Width":27,
   "Inner Unique":true,
   "Plans":[
      {
         "Node Type":"Hash Join",
         "Parent Relationship":"Outer",
         "Parallel Aware":true,
         "Async Capable":false,
         "Join Type":"Inner",
         "Startup Cost":511491.56,
         "Total Cost":545229.7,
         "Plan Rows":1,
         "Plan Width":31,
         "Inner Unique":false,
         "Hash Cond":"(mc.movie_id = ci.movie_id)",
         "Plans":[
            {
               "Node Type":"Seq Scan",
               "Parent Relationship":"Outer",
               "Parallel Aware":true,
               "Async Capable":false,
               "Relation Name":"movie_companies",
               "Alias":"mc",
               "Startup Cost":0.0,
               "Total Cost":29661.37,
               "Plan Rows":1087137,
               "Plan Width":8
            },
            {
               "Node Type":"Hash",
               "Parent Relationship":"Inner",
               "Parallel Aware":true,
               "Async Capable":false,
               "Startup Cost":511491.54,
               "Total Cost":511491.54,
               "Plan Rows":1,
               "Plan Width":23,
               "Plans":[
                  {
                     "Node Type":"Nested Loop",
                     "Parent Relationship":"Outer",
                     "Parallel Aware":false,
                     "Async Capable":false,
                     "Join Type":"Inner",
                     "Startup Cost":50878.66,
                     "Total Cost":511491.54,
                     "Plan Rows":1,
                     "Plan Width":23,
                     "Inner Unique":true,
                     "Plans":[
                        {
                           "Node Type":"Hash Join",
                           "Parent Relationship":"Outer",
                           "Parallel Aware":true,
                           "Async Capable":false,
                           "Join Type":"Inner",
                           "Startup Cost":50878.23,
                           "Total Cost":511258.07,
                           "Plan Rows":510,
                           "Plan Width":12,
                           "Inner Unique":false,
                           "Hash Cond":"(ci.movie_id = mk.movie_id)",
                           "Plans":[
                              {
                                 "Node Type":"Seq Scan",
                                 "Parent Relationship":"Outer",
                                 "Parallel Aware":true,
                                 "Async Capable":false,
                                 "Relation Name":"cast_info",
                                 "Alias":"ci",
                                 "Startup Cost":0.0,
                                 "Total Cost":403734.8,
                                 "Plan Rows":15104780,
                                 "Plan Width":8
                              },
                              {
                                 "Node Type":"Hash",
                                 "Parent Relationship":"Inner",
                                 "Parallel Aware":true,
                                 "Async Capable":false,
                                 "Startup Cost":50878.05,
                                 "Total Cost":50878.05,
                                 "Plan Rows":14,
                                 "Plan Width":4,
                                 "Plans":[
                                    {
                                       "Node Type":"Hash Join",
                                       "Parent Relationship":"Outer",
                                       "Parallel Aware":false,
                                       "Async Capable":false,
                                       "Join Type":"Inner",
                                       "Startup Cost":2626.14,
                                       "Total Cost":50878.05,
                                       "Plan Rows":14,
                                       "Plan Width":4,
                                       "Inner Unique":true,
                                       "Hash Cond":"(mk.keyword_id = k.id)",
                                       "Plans":[
                                          {
                                             "Node Type":"Seq Scan",
                                             "Parent Relationship":"Outer",
                                             "Parallel Aware":true,
                                             "Async Capable":false,
                                             "Relation Name":"movie_keyword",
                                             "Alias":"mk",
                                             "Startup Cost":0.0,
                                             "Total Cost":43303.71,
                                             "Plan Rows":1884971,
                                             "Plan Width":8
                                          },
                                          {
                                             "Node Type":"Hash",
                                             "Parent Relationship":"Inner",
                                             "Parallel Aware":false,
                                             "Async Capable":false,
                                             "Startup Cost":2626.12,
                                             "Total Cost":2626.12,
                                             "Plan Rows":1,
                                             "Plan Width":4,
                                             "Plans":[
                                                {
                                                   "Node Type":"Seq Scan",
                                                   "Parent Relationship":"Outer",
                                                   "Parallel Aware":false,
                                                   "Async Capable":false,
                                                   "Relation Name":"keyword",
                                                   "Alias":"k",
                                                   "Startup Cost":0.0,
                                                   "Total Cost":2626.12,
                                                   "Plan Rows":1,
                                                   "Plan Width":4,
                                                   "Filter":"((keyword)::text = 'character-name-in-title'::text)"
                                                }
                                             ]
                                          }
                                       ]
                                    }
                                 ]
                              }
                           ]
                        },
                        {
                           "Node Type":"Index Scan",
                           "Parent Relationship":"Inner",
                           "Parallel Aware":false,
                           "Async Capable":false,
                           "Scan Direction":"Forward",
                           "Index Name":"name_pkey",
                           "Relation Name":"name",
                           "Alias":"n",
                           "Startup Cost":0.43,
                           "Total Cost":0.46,
                           "Plan Rows":1,
                           "Plan Width":19,
                           "Index Cond":"(id = ci.person_id)",
                           "Filter":"((name)::text ~~ '%Johnson,%'::text)"
                        }
                     ]
                  }
               ]
            }
         ]
      },
      {
         "Node Type":"Index Only Scan",
         "Parent Relationship":"Inner",
         "Parallel Aware":false,
         "Async Capable":false,
         "Scan Direction":"Forward",
         "Index Name":"company_name_pkey",
         "Relation Name":"company_name",
         "Alias":"cn",
         "Startup Cost":0.42,
         "Total Cost":0.44,
         "Plan Rows":1,
         "Plan Width":4,
         "Index Cond":"(id = mc.company_id)"
      }
   ]
}